<beans xmlns="http://www.springframework.org/schema/beans"
 	xmlns:p="http://www.springframework.org/schema/p"
	xmlns:context="http://www.springframework.org/schema/context" 
	xmlns:mvc="http://www.springframework.org/schema/mvc" 
	xmlns:xsi="http://www.w3.org/2001/XMLSchema-instance" 
	xmlns:tx="http://www.springframework.org/schema/tx" 
	xmlns:aop="http://www.springframework.org/schema/aop"
	xmlns:cache="http://www.springframework.org/schema/cache"
		xmlns:util="http://www.springframework.org/schema/util"  	
	xsi:schemaLocation="
        http://www.springframework.org/schema/beans     
        http://www.springframework.org/schema/beans/spring-beans-3.2.xsd
        http://www.springframework.org/schema/context 
        http://www.springframework.org/schema/context/spring-context-3.2.xsd
        http://www.springframework.org/schema/mvc
        http://www.springframework.org/schema/mvc/spring-mvc-3.2.xsd
        http://www.springframework.org/schema/tx 
        http://www.springframework.org/schema/tx/spring-tx-3.2.xsd
        http://www.springframework.org/schema/aop
        http://www.springframework.org/schema/aop/spring-aop.xsd
        http://www.springframework.org/schema/cache 
        http://www.springframework.org/schema/cache/spring-cache.xsd
	    http://www.springframework.org/schema/util     
		http://www.springframework.org/schema/util/spring-util-3.2.xsd             
        ">

	<context:annotation-config />
    	
	<util:properties id="config" location="/prop/config.properties" />
	<import resource="db-context.xml" />
	
	<tx:annotation-driven transaction-manager="transactionManager"  proxy-target-class="true" order="2" />

	<!-- <context:component-scan base-package="com.thirtygames.zero.common.etc.config" />  -->
	<context:component-scan base-package="com.thirtygames.zero.common.mapper" />
	<context:component-scan base-package="com.thirtygames.zero.common.service" />
	<context:component-scan base-package="com.thirtygames.zero.common.etc.datasource" />
	<context:component-scan base-package="com.thirtygames.zero.common.etc.interceptor" />
	<context:component-scan base-package="com.thirtygames.zero.api.validator" />
	<context:component-scan base-package="com.thirtygames.zero.api.controller" />
	
	<!-- cache -->
	<bean id="cacheManager" class="com.thirtygames.zero.common.etc.cache.guava.GuavaCacheManager" p:transactionAware="true">
		<property name="caches">
			<list>
				<bean class="com.thirtygames.zero.common.etc.cache.guava.GuavaCacheFactoryBean" name="meta-cache" p:allowNullValues="true" p:spec="initialCapacity=500,maximumSize=100000,expireAfterWrite=2400m"/>				
			</list>
		</property>
	</bean>

	<cache:annotation-driven/>	
	

	<mvc:annotation-driven>
		<mvc:message-converters register-defaults="false">
			<bean id="jacksonMessageConverter" class="org.springframework.http.converter.json.MappingJackson2HttpMessageConverter" />
		</mvc:message-converters>
	</mvc:annotation-driven>


	<!-- <bean id="jsonReport" class="org.springframework.web.servlet.view.json.MappingJacksonJsonView" /> -->
	<bean id="exceptionMappings" class="com.thirtygames.zero.common.etc.error.ErrorMappingExceptionResolver">
		<property name="exceptionMappings">
			<props>
				<prop key="java.lang.Exception">jsonReport</prop>
				<prop key="java.lang.RuntimeException">jsonReport</prop>
			</props>
		</property>
		<property name="order" value="1" />
		<property name="defaultErrorView" value="jsonReport" />
	</bean>

	<mvc:interceptors>
		<mvc:interceptor>
			<mvc:mapping path="/**" />
			<mvc:exclude-mapping path="/accounts/new" />
			<mvc:exclude-mapping path="/accounts/login" />
			<mvc:exclude-mapping path="/meta/revisions" />
			<mvc:exclude-mapping path="/meta/servers" />
			<mvc:exclude-mapping path="/meta/trevi" />
			<bean class="com.thirtygames.zero.common.etc.interceptor.CertificateInterceptor" />
		</mvc:interceptor>
	</mvc:interceptors>

	<aop:aspectj-autoproxy proxy-target-class="true" />
</beans>
